<?xml version="1.0" encoding="UTF-8"?>
<!-- Generated by org.testng.reporters.JUnitReportReporter -->
<testsuite hostname="DADA-PC" failures="0" tests="2" name="dataDrivenTesting.UsingGenericUtility" time="2.704" errors="0" timestamp="2023-04-10T13:11:33 IST" skipped="0">
  <testcase classname="dataDrivenTesting.UsingGenericUtility" name="dataproviderTest" time="2.606"/>
  <system-out/>
  <testcase classname="dataDrivenTesting.UsingGenericUtility" name="dataproviderTest" time="0.098"/>
  <system-out/>
</testsuite> <!-- dataDrivenTesting.UsingGenericUtility -->
