<?xml version="1.0" encoding="UTF-8"?>
<!-- Generated by org.testng.reporters.JUnitReportReporter -->
<testsuite hostname="DADA-PC" failures="0" tests="1" name="withoutBDD.GetSingleProject" time="1.691" errors="0" timestamp="2023-04-07T16:35:15 IST" skipped="0">
  <testcase classname="withoutBDD.GetSingleProject" name="getSingleProjectTest" time="1.691"/>
  <system-out/>
</testsuite> <!-- withoutBDD.GetSingleProject -->
