<?xml version="1.0" encoding="UTF-8"?>
<!-- Generated by org.testng.reporters.JUnitReportReporter -->
<testsuite hostname="DADA-PC" failures="0" tests="1" name="requestchaining.CreateAndUpdate" time="3.558" errors="0" timestamp="2023-04-11T12:51:07 IST" skipped="0">
  <testcase classname="requestchaining.CreateAndUpdate" name="createAndUpdateTest" time="3.558"/>
  <system-out/>
</testsuite> <!-- requestchaining.CreateAndUpdate -->
