<?xml version="1.0" encoding="UTF-8"?>
<!-- Generated by org.testng.reporters.JUnitReportReporter -->
<testsuite hostname="DADA-PC" failures="0" tests="1" name="validation.ValidateStaticResponse" time="3.087" errors="0" timestamp="2023-04-08T13:35:03 IST" skipped="0">
  <testcase classname="validation.ValidateStaticResponse" name="validateStaticResponseTest" time="3.087"/>
  <system-out/>
</testsuite> <!-- validation.ValidateStaticResponse -->
