<?xml version="1.0" encoding="UTF-8"?>
<!-- Generated by org.testng.reporters.JUnitReportReporter -->
<testsuite hostname="DADA-PC" failures="0" tests="1" name="parameters.GetProjectUsingQueryParam" time="2.610" errors="0" timestamp="2023-04-13T20:49:27 IST" skipped="0">
  <testcase classname="parameters.GetProjectUsingQueryParam" name="GetProjectUsingQueryParamTest" time="2.610"/>
  <system-out/>
</testsuite> <!-- parameters.GetProjectUsingQueryParam -->
