<?xml version="1.0" encoding="UTF-8"?>
<!-- Generated by org.testng.reporters.JUnitReportReporter -->
<testsuite hostname="DADA-PC" failures="0" tests="1" name="requestchaining.PostGetUpdateDelete" time="4.224" errors="0" timestamp="2023-04-11T13:01:52 IST" skipped="0">
  <testcase classname="requestchaining.PostGetUpdateDelete" name="postGetUpdateDeleteTest" time="4.224"/>
  <system-out/>
</testsuite> <!-- requestchaining.PostGetUpdateDelete -->
