<?xml version="1.0" encoding="UTF-8"?>
<!-- Generated by org.testng.reporters.JUnitReportReporter -->
<testsuite hostname="DADA-PC" failures="0" tests="1" name="withBDD.GetSingleProject" time="2.119" errors="0" timestamp="2023-04-08T10:27:57 IST" skipped="0">
  <testcase classname="withBDD.GetSingleProject" name="getSingleProjectTest" time="2.119"/>
  <system-out/>
</testsuite> <!-- withBDD.GetSingleProject -->
