<?xml version="1.0" encoding="UTF-8"?>
<!-- Generated by org.testng.reporters.JUnitReportReporter -->
<testsuite hostname="DADA-PC" failures="0" tests="1" name="waysToPostRequest.CreateProjectUsingPojoClass" time="2.720" errors="0" timestamp="2023-04-11T12:35:34 IST" skipped="0">
  <testcase classname="waysToPostRequest.CreateProjectUsingPojoClass" name="createProjectUsingPojoClassTest" time="2.720"/>
  <system-out/>
</testsuite> <!-- waysToPostRequest.CreateProjectUsingPojoClass -->
