<?xml version="1.0" encoding="UTF-8"?>
<!-- Generated by org.testng.reporters.JUnitReportReporter -->
<testsuite hostname="DADA-PC" failures="0" tests="1" name="waysToPostRequest.CreateProjectUsingJsonFile" time="2.301" errors="0" timestamp="2023-04-08T11:57:51 IST" skipped="0">
  <testcase classname="waysToPostRequest.CreateProjectUsingJsonFile" name="createProjectUsingJsonFileTest" time="2.301"/>
  <system-out/>
</testsuite> <!-- waysToPostRequest.CreateProjectUsingJsonFile -->
