<?xml version="1.0" encoding="UTF-8"?>
<!-- Generated by org.testng.reporters.JUnitReportReporter -->
<testsuite hostname="DADA-PC" failures="0" tests="1" name="validation.RequestHeaderValidation" time="2.141" errors="0" timestamp="2023-04-11T11:07:57 IST" skipped="0">
  <testcase classname="validation.RequestHeaderValidation" name="requestHeaderValidationTest" time="2.141"/>
  <system-out/>
</testsuite> <!-- validation.RequestHeaderValidation -->
