<?xml version="1.0" encoding="UTF-8"?>
<!-- Generated by org.testng.reporters.JUnitReportReporter -->
<testsuite hostname="DADA-PC" failures="0" tests="1" name="withBDD.DeleteProject" time="2.013" errors="0" timestamp="2023-04-08T10:29:42 IST" skipped="0">
  <testcase classname="withBDD.DeleteProject" name="deleteProjectTest" time="2.013"/>
  <system-out/>
</testsuite> <!-- withBDD.DeleteProject -->
