<?xml version="1.0" encoding="UTF-8"?>
<!-- Generated by org.testng.reporters.JUnitReportReporter -->
<testsuite hostname="DADA-PC" failures="0" tests="1" name="withoutBDD.AddProjectTest" time="3.016" errors="0" timestamp="2023-04-07T17:05:04 IST" skipped="0">
  <testcase classname="withoutBDD.AddProjectTest" name="addProjectTest" time="3.016"/>
  <system-out/>
</testsuite> <!-- withoutBDD.AddProjectTest -->
