<?xml version="1.0" encoding="UTF-8"?>
<!-- Generated by org.testng.reporters.JUnitReportReporter -->
<testsuite hostname="DADA-PC" failures="0" tests="1" name="parameters.GetProjectUsingPathParam" time="1.799" errors="0" timestamp="2023-04-08T15:09:02 IST" skipped="0">
  <testcase classname="parameters.GetProjectUsingPathParam" name="getProjectUsingPathParamTest" time="1.799"/>
  <system-out/>
</testsuite> <!-- parameters.GetProjectUsingPathParam -->
