<?xml version="1.0" encoding="UTF-8"?>
<!-- Generated by org.testng.reporters.JUnitReportReporter -->
<testsuite hostname="DADA-PC" failures="0" tests="1" name="withBDD.GetProjects" time="2.222" errors="0" timestamp="2023-04-08T13:31:53 IST" skipped="0">
  <testcase classname="withBDD.GetProjects" name="getProjectsTest" time="2.222"/>
  <system-out/>
</testsuite> <!-- withBDD.GetProjects -->
