<?xml version="1.0" encoding="UTF-8"?>
<!-- Generated by org.testng.reporters.JUnitReportReporter -->
<testsuite hostname="DADA-PC" failures="0" tests="1" name="waysToPostRequest.CreateProjectUsingJson" time="2.741" errors="0" timestamp="2023-04-08T11:52:48 IST" skipped="0">
  <testcase classname="waysToPostRequest.CreateProjectUsingJson" name="createProjectUsingJsonTest" time="2.741"/>
  <system-out/>
</testsuite> <!-- waysToPostRequest.CreateProjectUsingJson -->
