<?xml version="1.0" encoding="UTF-8"?>
<!-- Generated by org.testng.reporters.JUnitReportReporter -->
<testsuite hostname="DADA-PC" failures="0" tests="1" name="endtoendTesting.UpdateOperationEndToEnd" time="2.821" errors="0" timestamp="2023-04-11T16:24:52 IST" skipped="0">
  <testcase classname="endtoendTesting.UpdateOperationEndToEnd" name="updateOperationEndToEndTest" time="2.821"/>
  <system-out/>
</testsuite> <!-- endtoendTesting.UpdateOperationEndToEnd -->
