<?xml version="1.0" encoding="UTF-8"?>
<!-- Generated by org.testng.reporters.JUnitReportReporter -->
<testsuite hostname="DADA-PC" failures="0" tests="1" name="withoutBDD.DeleteProject" time="1.763" errors="0" timestamp="2023-04-07T16:27:07 IST" skipped="0">
  <testcase classname="withoutBDD.DeleteProject" name="deleteProjectTest" time="1.763"/>
  <system-out/>
</testsuite> <!-- withoutBDD.DeleteProject -->
