<?xml version="1.0" encoding="UTF-8"?>
<!-- Generated by org.testng.reporters.JUnitReportReporter -->
<testsuite hostname="DADA-PC" failures="0" tests="1" name="withoutBDD.GetProject" time="3.054" errors="0" timestamp="2023-04-07T16:07:57 IST" skipped="0">
  <testcase classname="withoutBDD.GetProject" name="getProjectStatus" time="3.054"/>
  <system-out/>
</testsuite> <!-- withoutBDD.GetProject -->
