<?xml version="1.0" encoding="UTF-8"?>
<!-- Generated by org.testng.reporters.JUnitReportReporter -->
<testsuite hostname="DADA-PC" failures="0" tests="2" name="dataDrivenTesting.DataProviderPractice" time="2.702" errors="0" timestamp="2023-04-10T12:32:16 IST" skipped="0">
  <testcase classname="dataDrivenTesting.DataProviderPractice" name="dataproviderTest" time="0.101"/>
  <system-out/>
  <testcase classname="dataDrivenTesting.DataProviderPractice" name="dataproviderTest" time="2.601"/>
  <system-out/>
</testsuite> <!-- dataDrivenTesting.DataProviderPractice -->
