<?xml version="1.0" encoding="UTF-8"?>
<!-- Generated by org.testng.reporters.JUnitReportReporter -->
<testsuite hostname="DADA-PC" failures="0" tests="1" name="practice.UploadImage" time="6.237" errors="0" timestamp="2023-04-11T10:02:04 IST" skipped="0">
  <testcase classname="practice.UploadImage" name="uploadImageTest" time="6.237"/>
  <system-out/>
</testsuite> <!-- practice.UploadImage -->
