<?xml version="1.0" encoding="UTF-8"?>
<!-- Generated by org.testng.reporters.JUnitReportReporter -->
<testsuite hostname="DADA-PC" failures="0" tests="1" name="validation.ValidateResponseTime" time="2.753" errors="0" timestamp="2023-04-08T13:50:06 IST" skipped="0">
  <testcase classname="validation.ValidateResponseTime" name="validateResponseTimeTest" time="2.753"/>
  <system-out/>
</testsuite> <!-- validation.ValidateResponseTime -->
