<?xml version="1.0" encoding="UTF-8"?>
<!-- Generated by org.testng.reporters.JUnitReportReporter -->
<testsuite hostname="DADA-PC" failures="0" tests="1" name="requestchaining.GetAndDelete" time="3.421" errors="0" timestamp="2023-04-11T13:09:12 IST" skipped="0">
  <testcase classname="requestchaining.GetAndDelete" name="getAndDeleteTest" time="3.421"/>
  <system-out/>
</testsuite> <!-- requestchaining.GetAndDelete -->
