<?xml version="1.0" encoding="UTF-8"?>
<!-- Generated by org.testng.reporters.JUnitReportReporter -->
<testsuite hostname="DADA-PC" failures="0" tests="1" name="authorization.BearerToken" time="4.840" errors="0" timestamp="2023-04-12T17:44:05 IST" skipped="0">
  <testcase classname="authorization.BearerToken" name="bearerTokenTest" time="4.840"/>
  <system-out/>
</testsuite> <!-- authorization.BearerToken -->
