<?xml version="1.0" encoding="UTF-8"?>
<!-- Generated by org.testng.reporters.JUnitReportReporter -->
<testsuite hostname="DADA-PC" failures="0" tests="1" name="withBDD.UpdateProject" time="2.565" errors="0" timestamp="2023-04-08T10:28:34 IST" skipped="0">
  <testcase classname="withBDD.UpdateProject" name="updateProjectTest" time="2.565"/>
  <system-out/>
</testsuite> <!-- withBDD.UpdateProject -->
