<?xml version="1.0" encoding="UTF-8"?>
<!-- Generated by org.testng.reporters.JUnitReportReporter -->
<testsuite hostname="DADA-PC" failures="0" tests="1" name="body.Practice" time="2.131" errors="0" timestamp="2023-04-10T10:43:04 IST" skipped="0">
  <testcase classname="body.Practice" name="practiceTest" time="2.131"/>
  <system-out/>
</testsuite> <!-- body.Practice -->
