<?xml version="1.0" encoding="UTF-8"?>
<!-- Generated by org.testng.reporters.JUnitReportReporter -->
<testsuite hostname="DADA-PC" failures="0" tests="1" name="endtoendTesting.ThreeLayerTesing" time="3.731" errors="0" timestamp="2023-04-11T16:19:03 IST" skipped="0">
  <testcase classname="endtoendTesting.ThreeLayerTesing" name="threeLayerTestingTest" time="3.731"/>
  <system-out/>
</testsuite> <!-- endtoendTesting.ThreeLayerTesing -->
