<?xml version="1.0" encoding="UTF-8"?>
<!-- Generated by org.testng.reporters.JUnitReportReporter -->
<testsuite hostname="DADA-PC" failures="0" tests="1" name="requestchaining.CreateAndDelete" time="3.895" errors="0" timestamp="2023-04-11T13:04:52 IST" skipped="0">
  <testcase classname="requestchaining.CreateAndDelete" name="createAndDeleteTest" time="3.895"/>
  <system-out/>
</testsuite> <!-- requestchaining.CreateAndDelete -->
