<?xml version="1.0" encoding="UTF-8"?>
<!-- Generated by org.testng.reporters.JUnitReportReporter -->
<testsuite hostname="DADA-PC" failures="0" tests="1" name="body.PracticePrettyPeek" time="2.083" errors="0" timestamp="2023-04-10T10:48:49 IST" skipped="0">
  <testcase classname="body.PracticePrettyPeek" name="practicePrettyPeekTest" time="2.083"/>
  <system-out/>
</testsuite> <!-- body.PracticePrettyPeek -->
