<?xml version="1.0" encoding="UTF-8"?>
<!-- Generated by org.testng.reporters.JUnitReportReporter -->
<testsuite hostname="DADA-PC" failures="0" tests="1" name="practice.UsingJsonObjectComplexRequest" time="4.500" errors="0" timestamp="2023-04-11T10:08:10 IST" skipped="0">
  <testcase classname="practice.UsingJsonObjectComplexRequest" name="usingJsonObjectComplexRequestTest" time="4.500"/>
  <system-out/>
</testsuite> <!-- practice.UsingJsonObjectComplexRequest -->
