<?xml version="1.0" encoding="UTF-8"?>
<!-- Generated by org.testng.reporters.JUnitReportReporter -->
<testsuite hostname="DADA-PC" failures="0" tests="1" name="authorization.OAuth2" time="4.018" errors="0" timestamp="2023-04-12T17:31:10 IST" skipped="0">
  <testcase classname="authorization.OAuth2" name="getOAuth2Test" time="4.018"/>
  <system-out/>
</testsuite> <!-- authorization.OAuth2 -->
