<?xml version="1.0" encoding="UTF-8"?>
<!-- Generated by org.testng.reporters.JUnitReportReporter -->
<testsuite hostname="DADA-PC" failures="0" tests="1" name="withoutBDD.UpdateProject" time="2.091" errors="0" timestamp="2023-04-07T16:31:52 IST" skipped="0">
  <testcase classname="withoutBDD.UpdateProject" name="updateProjectTest" time="2.091"/>
  <system-out/>
</testsuite> <!-- withoutBDD.UpdateProject -->
